/home/nate/anaconda3/envs/gro_wrap/lib/python3.9/site-packages/scipy/optimize/minpack.py:175: RuntimeWarning: The iteration is not making good progress, as measured by the 
  improvement from the last five Jacobian evaluations.
  warnings.warn(msg, RuntimeWarning)
/home/nate/anaconda3/envs/gro_wrap/lib/python3.9/site-packages/scipy/optimize/minpack.py:175: RuntimeWarning: The iteration is not making good progress, as measured by the 
  improvement from the last ten iterations.
  warnings.warn(msg, RuntimeWarning)

Calculating the deviation from 0.00 ps to 300000.00 ps over 10004 frames for 'resname GLY'...

Completed deviation calculations for frame 1 out of 10004!
Completed deviation calculations for frame 21 out of 10004!
Completed deviation calculations for frame 41 out of 10004!
Completed deviation calculations for frame 61 out of 10004!
Completed deviation calculations for frame 81 out of 10004!
Completed deviation calculations for frame 101 out of 10004!
Completed deviation calculations for frame 121 out of 10004!
Completed deviation calculations for frame 141 out of 10004!
Completed deviation calculations for frame 161 out of 10004!
Completed deviation calculations for frame 181 out of 10004!
Completed deviation calculations for frame 201 out of 10004!
Completed deviation calculations for frame 221 out of 10004!
Completed deviation calculations for frame 241 out of 10004!
Completed deviation calculations for frame 261 out of 10004!
Completed deviation calculations for frame 281 out of 10004!
Completed deviation calculations for frame 301 out of 10004!
Completed deviation calculations for frame 321 out of 10004!
Completed deviation calculations for frame 341 out of 10004!
Completed deviation calculations for frame 361 out of 10004!
Completed deviation calculations for frame 381 out of 10004!
Completed deviation calculations for frame 401 out of 10004!
Completed deviation calculations for frame 421 out of 10004!
Completed deviation calculations for frame 441 out of 10004!
Completed deviation calculations for frame 461 out of 10004!
Completed deviation calculations for frame 481 out of 10004!
Completed deviation calculations for frame 501 out of 10004!
Completed deviation calculations for frame 521 out of 10004!
Completed deviation calculations for frame 541 out of 10004!
Completed deviation calculations for frame 561 out of 10004!
Completed deviation calculations for frame 581 out of 10004!
Completed deviation calculations for frame 601 out of 10004!
Completed deviation calculations for frame 621 out of 10004!
Completed deviation calculations for frame 641 out of 10004!
Completed deviation calculations for frame 661 out of 10004!
Completed deviation calculations for frame 681 out of 10004!
Completed deviation calculations for frame 701 out of 10004!
Completed deviation calculations for frame 721 out of 10004!
Completed deviation calculations for frame 741 out of 10004!
Completed deviation calculations for frame 761 out of 10004!
Completed deviation calculations for frame 781 out of 10004!
Completed deviation calculations for frame 801 out of 10004!
Completed deviation calculations for frame 821 out of 10004!
Completed deviation calculations for frame 841 out of 10004!
Completed deviation calculations for frame 861 out of 10004!
Completed deviation calculations for frame 881 out of 10004!
Completed deviation calculations for frame 901 out of 10004!
Completed deviation calculations for frame 921 out of 10004!
Completed deviation calculations for frame 941 out of 10004!
Completed deviation calculations for frame 961 out of 10004!
Completed deviation calculations for frame 981 out of 10004!
Completed deviation calculations for frame 1001 out of 10004!
Completed deviation calculations for frame 1021 out of 10004!
Completed deviation calculations for frame 1041 out of 10004!
Completed deviation calculations for frame 1061 out of 10004!
Completed deviation calculations for frame 1081 out of 10004!
Completed deviation calculations for frame 1101 out of 10004!
Completed deviation calculations for frame 1121 out of 10004!
Completed deviation calculations for frame 1141 out of 10004!
Completed deviation calculations for frame 1161 out of 10004!
Completed deviation calculations for frame 1181 out of 10004!
Completed deviation calculations for frame 1201 out of 10004!
Completed deviation calculations for frame 1221 out of 10004!
Completed deviation calculations for frame 1241 out of 10004!
Completed deviation calculations for frame 1261 out of 10004!
Completed deviation calculations for frame 1281 out of 10004!
Completed deviation calculations for frame 1301 out of 10004!
Completed deviation calculations for frame 1321 out of 10004!
Completed deviation calculations for frame 1341 out of 10004!
Completed deviation calculations for frame 1361 out of 10004!
Completed deviation calculations for frame 1381 out of 10004!
Completed deviation calculations for frame 1401 out of 10004!
Completed deviation calculations for frame 1421 out of 10004!
Completed deviation calculations for frame 1441 out of 10004!
Completed deviation calculations for frame 1461 out of 10004!
Completed deviation calculations for frame 1481 out of 10004!
Completed deviation calculations for frame 1501 out of 10004!
Completed deviation calculations for frame 1521 out of 10004!
Completed deviation calculations for frame 1541 out of 10004!
Completed deviation calculations for frame 1561 out of 10004!
Completed deviation calculations for frame 1581 out of 10004!
Completed deviation calculations for frame 1601 out of 10004!
Completed deviation calculations for frame 1621 out of 10004!
Completed deviation calculations for frame 1641 out of 10004!
Completed deviation calculations for frame 1661 out of 10004!
Completed deviation calculations for frame 1681 out of 10004!
Completed deviation calculations for frame 1701 out of 10004!
Completed deviation calculations for frame 1721 out of 10004!
Completed deviation calculations for frame 1741 out of 10004!
Completed deviation calculations for frame 1761 out of 10004!
Completed deviation calculations for frame 1781 out of 10004!
Completed deviation calculations for frame 1801 out of 10004!
Completed deviation calculations for frame 1821 out of 10004!
Completed deviation calculations for frame 1841 out of 10004!
Completed deviation calculations for frame 1861 out of 10004!
Completed deviation calculations for frame 1881 out of 10004!
Completed deviation calculations for frame 1901 out of 10004!
Completed deviation calculations for frame 1921 out of 10004!
Completed deviation calculations for frame 1941 out of 10004!
Completed deviation calculations for frame 1961 out of 10004!
Completed deviation calculations for frame 1981 out of 10004!
Completed deviation calculations for frame 2001 out of 10004!
Completed deviation calculations for frame 2021 out of 10004!
Completed deviation calculations for frame 2041 out of 10004!
Completed deviation calculations for frame 2061 out of 10004!
Completed deviation calculations for frame 2081 out of 10004!
Completed deviation calculations for frame 2101 out of 10004!
Completed deviation calculations for frame 2121 out of 10004!
Completed deviation calculations for frame 2141 out of 10004!
Completed deviation calculations for frame 2161 out of 10004!
Completed deviation calculations for frame 2181 out of 10004!
Completed deviation calculations for frame 2201 out of 10004!
Completed deviation calculations for frame 2221 out of 10004!
Completed deviation calculations for frame 2241 out of 10004!
Completed deviation calculations for frame 2261 out of 10004!
Completed deviation calculations for frame 2281 out of 10004!
Completed deviation calculations for frame 2301 out of 10004!
Completed deviation calculations for frame 2321 out of 10004!
Completed deviation calculations for frame 2341 out of 10004!
Completed deviation calculations for frame 2361 out of 10004!
Completed deviation calculations for frame 2381 out of 10004!
Completed deviation calculations for frame 2401 out of 10004!
Completed deviation calculations for frame 2421 out of 10004!
Completed deviation calculations for frame 2441 out of 10004!
Completed deviation calculations for frame 2461 out of 10004!
Completed deviation calculations for frame 2481 out of 10004!
Completed deviation calculations for frame 2501 out of 10004!
Completed deviation calculations for frame 2521 out of 10004!
Completed deviation calculations for frame 2541 out of 10004!
Completed deviation calculations for frame 2561 out of 10004!
Completed deviation calculations for frame 2581 out of 10004!
Completed deviation calculations for frame 2601 out of 10004!
Completed deviation calculations for frame 2621 out of 10004!
Completed deviation calculations for frame 2641 out of 10004!
Completed deviation calculations for frame 2661 out of 10004!
Completed deviation calculations for frame 2681 out of 10004!
Completed deviation calculations for frame 2701 out of 10004!
Completed deviation calculations for frame 2721 out of 10004!
Completed deviation calculations for frame 2741 out of 10004!
Completed deviation calculations for frame 2761 out of 10004!
Completed deviation calculations for frame 2781 out of 10004!
Completed deviation calculations for frame 2801 out of 10004!
Completed deviation calculations for frame 2821 out of 10004!
Completed deviation calculations for frame 2841 out of 10004!
Completed deviation calculations for frame 2861 out of 10004!
Completed deviation calculations for frame 2881 out of 10004!
Completed deviation calculations for frame 2901 out of 10004!
Completed deviation calculations for frame 2921 out of 10004!
Completed deviation calculations for frame 2941 out of 10004!
Completed deviation calculations for frame 2961 out of 10004!
Completed deviation calculations for frame 2981 out of 10004!
Completed deviation calculations for frame 3001 out of 10004!
Completed deviation calculations for frame 3021 out of 10004!
Completed deviation calculations for frame 3041 out of 10004!
Completed deviation calculations for frame 3061 out of 10004!
Completed deviation calculations for frame 3081 out of 10004!
Completed deviation calculations for frame 3101 out of 10004!
Completed deviation calculations for frame 3121 out of 10004!
Completed deviation calculations for frame 3141 out of 10004!
Completed deviation calculations for frame 3161 out of 10004!
Completed deviation calculations for frame 3181 out of 10004!
Completed deviation calculations for frame 3201 out of 10004!
Completed deviation calculations for frame 3221 out of 10004!
Completed deviation calculations for frame 3241 out of 10004!
Completed deviation calculations for frame 3261 out of 10004!
Completed deviation calculations for frame 3281 out of 10004!
Completed deviation calculations for frame 3301 out of 10004!
Completed deviation calculations for frame 3321 out of 10004!
Completed deviation calculations for frame 3341 out of 10004!
Completed deviation calculations for frame 3361 out of 10004!
Completed deviation calculations for frame 3381 out of 10004!
Completed deviation calculations for frame 3401 out of 10004!
Completed deviation calculations for frame 3421 out of 10004!
Completed deviation calculations for frame 3441 out of 10004!
Completed deviation calculations for frame 3461 out of 10004!
Completed deviation calculations for frame 3481 out of 10004!
Completed deviation calculations for frame 3501 out of 10004!
Completed deviation calculations for frame 3521 out of 10004!
Completed deviation calculations for frame 3541 out of 10004!
Completed deviation calculations for frame 3561 out of 10004!
Completed deviation calculations for frame 3581 out of 10004!
Completed deviation calculations for frame 3601 out of 10004!
Completed deviation calculations for frame 3621 out of 10004!
Completed deviation calculations for frame 3641 out of 10004!
Completed deviation calculations for frame 3661 out of 10004!
Completed deviation calculations for frame 3681 out of 10004!
Completed deviation calculations for frame 3701 out of 10004!
Completed deviation calculations for frame 3721 out of 10004!
Completed deviation calculations for frame 3741 out of 10004!
Completed deviation calculations for frame 3761 out of 10004!
Completed deviation calculations for frame 3781 out of 10004!
Completed deviation calculations for frame 3801 out of 10004!
Completed deviation calculations for frame 3821 out of 10004!
Completed deviation calculations for frame 3841 out of 10004!
Completed deviation calculations for frame 3861 out of 10004!
Completed deviation calculations for frame 3881 out of 10004!
Completed deviation calculations for frame 3901 out of 10004!
Completed deviation calculations for frame 3921 out of 10004!
Completed deviation calculations for frame 3941 out of 10004!
Completed deviation calculations for frame 3961 out of 10004!
Completed deviation calculations for frame 3981 out of 10004!
Completed deviation calculations for frame 4001 out of 10004!
Completed deviation calculations for frame 4021 out of 10004!
Completed deviation calculations for frame 4041 out of 10004!
Completed deviation calculations for frame 4061 out of 10004!
Completed deviation calculations for frame 4081 out of 10004!
Completed deviation calculations for frame 4101 out of 10004!
Completed deviation calculations for frame 4121 out of 10004!
Completed deviation calculations for frame 4141 out of 10004!
Completed deviation calculations for frame 4161 out of 10004!
Completed deviation calculations for frame 4181 out of 10004!
Completed deviation calculations for frame 4201 out of 10004!
Completed deviation calculations for frame 4221 out of 10004!
Completed deviation calculations for frame 4241 out of 10004!
Completed deviation calculations for frame 4261 out of 10004!
Completed deviation calculations for frame 4281 out of 10004!
Completed deviation calculations for frame 4301 out of 10004!
Completed deviation calculations for frame 4321 out of 10004!
Completed deviation calculations for frame 4341 out of 10004!
Completed deviation calculations for frame 4361 out of 10004!
Completed deviation calculations for frame 4381 out of 10004!
Completed deviation calculations for frame 4401 out of 10004!
Completed deviation calculations for frame 4421 out of 10004!
Completed deviation calculations for frame 4441 out of 10004!
Completed deviation calculations for frame 4461 out of 10004!
Completed deviation calculations for frame 4481 out of 10004!
Completed deviation calculations for frame 4501 out of 10004!
Completed deviation calculations for frame 4521 out of 10004!
Completed deviation calculations for frame 4541 out of 10004!
Completed deviation calculations for frame 4561 out of 10004!
Completed deviation calculations for frame 4581 out of 10004!
Completed deviation calculations for frame 4601 out of 10004!
Completed deviation calculations for frame 4621 out of 10004!
Completed deviation calculations for frame 4641 out of 10004!
Completed deviation calculations for frame 4661 out of 10004!
Completed deviation calculations for frame 4681 out of 10004!
Completed deviation calculations for frame 4701 out of 10004!
Completed deviation calculations for frame 4721 out of 10004!
Completed deviation calculations for frame 4741 out of 10004!
Completed deviation calculations for frame 4761 out of 10004!
Completed deviation calculations for frame 4781 out of 10004!
Completed deviation calculations for frame 4801 out of 10004!
Completed deviation calculations for frame 4821 out of 10004!
Completed deviation calculations for frame 4841 out of 10004!
Completed deviation calculations for frame 4861 out of 10004!
Completed deviation calculations for frame 4881 out of 10004!
Completed deviation calculations for frame 4901 out of 10004!
Completed deviation calculations for frame 4921 out of 10004!
Completed deviation calculations for frame 4941 out of 10004!
Completed deviation calculations for frame 4961 out of 10004!
Completed deviation calculations for frame 4981 out of 10004!
Completed deviation calculations for frame 5001 out of 10004!
Completed deviation calculations for frame 5021 out of 10004!
Completed deviation calculations for frame 5041 out of 10004!
Completed deviation calculations for frame 5061 out of 10004!
Completed deviation calculations for frame 5081 out of 10004!
Completed deviation calculations for frame 5101 out of 10004!
Completed deviation calculations for frame 5121 out of 10004!
Completed deviation calculations for frame 5141 out of 10004!
Completed deviation calculations for frame 5161 out of 10004!
Completed deviation calculations for frame 5181 out of 10004!
Completed deviation calculations for frame 5201 out of 10004!
Completed deviation calculations for frame 5221 out of 10004!
Completed deviation calculations for frame 5241 out of 10004!
Completed deviation calculations for frame 5261 out of 10004!
Completed deviation calculations for frame 5281 out of 10004!
Completed deviation calculations for frame 5301 out of 10004!
Completed deviation calculations for frame 5321 out of 10004!
Completed deviation calculations for frame 5341 out of 10004!
Completed deviation calculations for frame 5361 out of 10004!
Completed deviation calculations for frame 5381 out of 10004!
Completed deviation calculations for frame 5401 out of 10004!
Completed deviation calculations for frame 5421 out of 10004!
Completed deviation calculations for frame 5441 out of 10004!
Completed deviation calculations for frame 5461 out of 10004!
Completed deviation calculations for frame 5481 out of 10004!
Completed deviation calculations for frame 5501 out of 10004!
Completed deviation calculations for frame 5521 out of 10004!
Completed deviation calculations for frame 5541 out of 10004!
Completed deviation calculations for frame 5561 out of 10004!
Completed deviation calculations for frame 5581 out of 10004!
Completed deviation calculations for frame 5601 out of 10004!
Completed deviation calculations for frame 5621 out of 10004!
Completed deviation calculations for frame 5641 out of 10004!
Completed deviation calculations for frame 5661 out of 10004!
Completed deviation calculations for frame 5681 out of 10004!
Completed deviation calculations for frame 5701 out of 10004!
Completed deviation calculations for frame 5721 out of 10004!
Completed deviation calculations for frame 5741 out of 10004!
Completed deviation calculations for frame 5761 out of 10004!
Completed deviation calculations for frame 5781 out of 10004!
Completed deviation calculations for frame 5801 out of 10004!
Completed deviation calculations for frame 5821 out of 10004!
Completed deviation calculations for frame 5841 out of 10004!
Completed deviation calculations for frame 5861 out of 10004!
Completed deviation calculations for frame 5881 out of 10004!
Completed deviation calculations for frame 5901 out of 10004!
Completed deviation calculations for frame 5921 out of 10004!
Completed deviation calculations for frame 5941 out of 10004!
Completed deviation calculations for frame 5961 out of 10004!
Completed deviation calculations for frame 5981 out of 10004!
Completed deviation calculations for frame 6001 out of 10004!
Completed deviation calculations for frame 6021 out of 10004!
Completed deviation calculations for frame 6041 out of 10004!
Completed deviation calculations for frame 6061 out of 10004!
Completed deviation calculations for frame 6081 out of 10004!
Completed deviation calculations for frame 6101 out of 10004!
Completed deviation calculations for frame 6121 out of 10004!
Completed deviation calculations for frame 6141 out of 10004!
Completed deviation calculations for frame 6161 out of 10004!
Completed deviation calculations for frame 6181 out of 10004!
Completed deviation calculations for frame 6201 out of 10004!
Completed deviation calculations for frame 6221 out of 10004!
Completed deviation calculations for frame 6241 out of 10004!
Completed deviation calculations for frame 6261 out of 10004!
Completed deviation calculations for frame 6281 out of 10004!
Completed deviation calculations for frame 6301 out of 10004!
Completed deviation calculations for frame 6321 out of 10004!
Completed deviation calculations for frame 6341 out of 10004!
Completed deviation calculations for frame 6361 out of 10004!
Completed deviation calculations for frame 6381 out of 10004!
Completed deviation calculations for frame 6401 out of 10004!
Completed deviation calculations for frame 6421 out of 10004!
Completed deviation calculations for frame 6441 out of 10004!
Completed deviation calculations for frame 6461 out of 10004!
Completed deviation calculations for frame 6481 out of 10004!
Completed deviation calculations for frame 6501 out of 10004!
Completed deviation calculations for frame 6521 out of 10004!
Completed deviation calculations for frame 6541 out of 10004!
Completed deviation calculations for frame 6561 out of 10004!
Completed deviation calculations for frame 6581 out of 10004!
Completed deviation calculations for frame 6601 out of 10004!
Completed deviation calculations for frame 6621 out of 10004!
Completed deviation calculations for frame 6641 out of 10004!
Completed deviation calculations for frame 6661 out of 10004!
Completed deviation calculations for frame 6681 out of 10004!
Completed deviation calculations for frame 6701 out of 10004!
Completed deviation calculations for frame 6721 out of 10004!
Completed deviation calculations for frame 6741 out of 10004!
Completed deviation calculations for frame 6761 out of 10004!
Completed deviation calculations for frame 6781 out of 10004!
Completed deviation calculations for frame 6801 out of 10004!
Completed deviation calculations for frame 6821 out of 10004!
Completed deviation calculations for frame 6841 out of 10004!
Completed deviation calculations for frame 6861 out of 10004!
Completed deviation calculations for frame 6881 out of 10004!
Completed deviation calculations for frame 6901 out of 10004!
Completed deviation calculations for frame 6921 out of 10004!
Completed deviation calculations for frame 6941 out of 10004!
Completed deviation calculations for frame 6961 out of 10004!
Completed deviation calculations for frame 6981 out of 10004!
Completed deviation calculations for frame 7001 out of 10004!
Completed deviation calculations for frame 7021 out of 10004!
Completed deviation calculations for frame 7041 out of 10004!
Completed deviation calculations for frame 7061 out of 10004!
Completed deviation calculations for frame 7081 out of 10004!
Completed deviation calculations for frame 7101 out of 10004!
Completed deviation calculations for frame 7121 out of 10004!
Completed deviation calculations for frame 7141 out of 10004!
Completed deviation calculations for frame 7161 out of 10004!
Completed deviation calculations for frame 7181 out of 10004!
Completed deviation calculations for frame 7201 out of 10004!
Completed deviation calculations for frame 7221 out of 10004!
Completed deviation calculations for frame 7241 out of 10004!
Completed deviation calculations for frame 7261 out of 10004!
Completed deviation calculations for frame 7281 out of 10004!
Completed deviation calculations for frame 7301 out of 10004!
Completed deviation calculations for frame 7321 out of 10004!
Completed deviation calculations for frame 7341 out of 10004!
Completed deviation calculations for frame 7361 out of 10004!
Completed deviation calculations for frame 7381 out of 10004!
Completed deviation calculations for frame 7401 out of 10004!
Completed deviation calculations for frame 7421 out of 10004!
Completed deviation calculations for frame 7441 out of 10004!
Completed deviation calculations for frame 7461 out of 10004!
Completed deviation calculations for frame 7481 out of 10004!
Completed deviation calculations for frame 7501 out of 10004!
Completed deviation calculations for frame 7521 out of 10004!
Completed deviation calculations for frame 7541 out of 10004!
Completed deviation calculations for frame 7561 out of 10004!
Completed deviation calculations for frame 7581 out of 10004!
Completed deviation calculations for frame 7601 out of 10004!
Completed deviation calculations for frame 7621 out of 10004!
Completed deviation calculations for frame 7641 out of 10004!
Completed deviation calculations for frame 7661 out of 10004!
Completed deviation calculations for frame 7681 out of 10004!
Completed deviation calculations for frame 7701 out of 10004!
Completed deviation calculations for frame 7721 out of 10004!
Completed deviation calculations for frame 7741 out of 10004!
Completed deviation calculations for frame 7761 out of 10004!
Completed deviation calculations for frame 7781 out of 10004!
Completed deviation calculations for frame 7801 out of 10004!
Completed deviation calculations for frame 7821 out of 10004!
Completed deviation calculations for frame 7841 out of 10004!
Completed deviation calculations for frame 7861 out of 10004!
Completed deviation calculations for frame 7881 out of 10004!
Completed deviation calculations for frame 7901 out of 10004!
Completed deviation calculations for frame 7921 out of 10004!
Completed deviation calculations for frame 7941 out of 10004!
Completed deviation calculations for frame 7961 out of 10004!
Completed deviation calculations for frame 7981 out of 10004!
Completed deviation calculations for frame 8001 out of 10004!
Completed deviation calculations for frame 8021 out of 10004!
Completed deviation calculations for frame 8041 out of 10004!
Completed deviation calculations for frame 8061 out of 10004!
Completed deviation calculations for frame 8081 out of 10004!
Completed deviation calculations for frame 8101 out of 10004!
Completed deviation calculations for frame 8121 out of 10004!
Completed deviation calculations for frame 8141 out of 10004!
Completed deviation calculations for frame 8161 out of 10004!
Completed deviation calculations for frame 8181 out of 10004!
Completed deviation calculations for frame 8201 out of 10004!
Completed deviation calculations for frame 8221 out of 10004!
Completed deviation calculations for frame 8241 out of 10004!
Completed deviation calculations for frame 8261 out of 10004!
Completed deviation calculations for frame 8281 out of 10004!
Completed deviation calculations for frame 8301 out of 10004!
Completed deviation calculations for frame 8321 out of 10004!
Completed deviation calculations for frame 8341 out of 10004!
Completed deviation calculations for frame 8361 out of 10004!
Completed deviation calculations for frame 8381 out of 10004!
Completed deviation calculations for frame 8401 out of 10004!
Completed deviation calculations for frame 8421 out of 10004!
Completed deviation calculations for frame 8441 out of 10004!
Completed deviation calculations for frame 8461 out of 10004!
Completed deviation calculations for frame 8481 out of 10004!
Completed deviation calculations for frame 8501 out of 10004!
Completed deviation calculations for frame 8521 out of 10004!
Completed deviation calculations for frame 8541 out of 10004!
Completed deviation calculations for frame 8561 out of 10004!
Completed deviation calculations for frame 8581 out of 10004!
Completed deviation calculations for frame 8601 out of 10004!
Completed deviation calculations for frame 8621 out of 10004!
Completed deviation calculations for frame 8641 out of 10004!
Completed deviation calculations for frame 8661 out of 10004!
Completed deviation calculations for frame 8681 out of 10004!
Completed deviation calculations for frame 8701 out of 10004!
Completed deviation calculations for frame 8721 out of 10004!
Completed deviation calculations for frame 8741 out of 10004!
Completed deviation calculations for frame 8761 out of 10004!
Completed deviation calculations for frame 8781 out of 10004!
Completed deviation calculations for frame 8801 out of 10004!
Completed deviation calculations for frame 8821 out of 10004!
Completed deviation calculations for frame 8841 out of 10004!
Completed deviation calculations for frame 8861 out of 10004!
Completed deviation calculations for frame 8881 out of 10004!
Completed deviation calculations for frame 8901 out of 10004!
Completed deviation calculations for frame 8921 out of 10004!
Completed deviation calculations for frame 8941 out of 10004!
Completed deviation calculations for frame 8961 out of 10004!
Completed deviation calculations for frame 8981 out of 10004!
Completed deviation calculations for frame 9001 out of 10004!
Completed deviation calculations for frame 9021 out of 10004!
Completed deviation calculations for frame 9041 out of 10004!
Completed deviation calculations for frame 9061 out of 10004!
Completed deviation calculations for frame 9081 out of 10004!
Completed deviation calculations for frame 9101 out of 10004!
Completed deviation calculations for frame 9121 out of 10004!
Completed deviation calculations for frame 9141 out of 10004!
Completed deviation calculations for frame 9161 out of 10004!
Completed deviation calculations for frame 9181 out of 10004!
Completed deviation calculations for frame 9201 out of 10004!
Completed deviation calculations for frame 9221 out of 10004!
Completed deviation calculations for frame 9241 out of 10004!
Completed deviation calculations for frame 9261 out of 10004!
Completed deviation calculations for frame 9281 out of 10004!
Completed deviation calculations for frame 9301 out of 10004!
Completed deviation calculations for frame 9321 out of 10004!
Completed deviation calculations for frame 9341 out of 10004!
Completed deviation calculations for frame 9361 out of 10004!
Completed deviation calculations for frame 9381 out of 10004!
Completed deviation calculations for frame 9401 out of 10004!
Completed deviation calculations for frame 9421 out of 10004!
Completed deviation calculations for frame 9441 out of 10004!
Completed deviation calculations for frame 9461 out of 10004!
Completed deviation calculations for frame 9481 out of 10004!
Completed deviation calculations for frame 9501 out of 10004!
Completed deviation calculations for frame 9521 out of 10004!
Completed deviation calculations for frame 9541 out of 10004!
Completed deviation calculations for frame 9561 out of 10004!
Completed deviation calculations for frame 9581 out of 10004!
Completed deviation calculations for frame 9601 out of 10004!
Completed deviation calculations for frame 9621 out of 10004!
Completed deviation calculations for frame 9641 out of 10004!
Completed deviation calculations for frame 9661 out of 10004!
Completed deviation calculations for frame 9681 out of 10004!
Completed deviation calculations for frame 9701 out of 10004!
Completed deviation calculations for frame 9721 out of 10004!
Completed deviation calculations for frame 9741 out of 10004!
Completed deviation calculations for frame 9761 out of 10004!
Completed deviation calculations for frame 9781 out of 10004!
Completed deviation calculations for frame 9801 out of 10004!
Completed deviation calculations for frame 9821 out of 10004!
Completed deviation calculations for frame 9841 out of 10004!
Completed deviation calculations for frame 9861 out of 10004!
Completed deviation calculations for frame 9881 out of 10004!
Completed deviation calculations for frame 9901 out of 10004!
Completed deviation calculations for frame 9921 out of 10004!
Completed deviation calculations for frame 9941 out of 10004!
Completed deviation calculations for frame 9961 out of 10004!
Completed deviation calculations for frame 9981 out of 10004!
Completed deviation calculations for frame 10001 out of 10004!
