/home/nate/anaconda3/envs/gro_wrap/lib/python3.9/site-packages/scipy/optimize/minpack.py:175: RuntimeWarning: The iteration is not making good progress, as measured by the 
  improvement from the last five Jacobian evaluations.
  warnings.warn(msg, RuntimeWarning)
/home/nate/anaconda3/envs/gro_wrap/lib/python3.9/site-packages/scipy/optimize/minpack.py:175: RuntimeWarning: The iteration is not making good progress, as measured by the 
  improvement from the last ten iterations.
  warnings.warn(msg, RuntimeWarning)

Calculating the deviation from 0.00 ps to 300000.00 ps over 4002 frames for 'resname GLY'...

Completed deviation calculations for frame 1 out of 4002!
Completed deviation calculations for frame 21 out of 4002!
Completed deviation calculations for frame 41 out of 4002!
Completed deviation calculations for frame 61 out of 4002!
Completed deviation calculations for frame 81 out of 4002!
Completed deviation calculations for frame 101 out of 4002!
Completed deviation calculations for frame 121 out of 4002!
Completed deviation calculations for frame 141 out of 4002!
Completed deviation calculations for frame 161 out of 4002!
Completed deviation calculations for frame 181 out of 4002!
Completed deviation calculations for frame 201 out of 4002!
Completed deviation calculations for frame 221 out of 4002!
Completed deviation calculations for frame 241 out of 4002!
Completed deviation calculations for frame 261 out of 4002!
Completed deviation calculations for frame 281 out of 4002!
Completed deviation calculations for frame 301 out of 4002!
Completed deviation calculations for frame 321 out of 4002!
Completed deviation calculations for frame 341 out of 4002!
Completed deviation calculations for frame 361 out of 4002!
Completed deviation calculations for frame 381 out of 4002!
Completed deviation calculations for frame 401 out of 4002!
Completed deviation calculations for frame 421 out of 4002!
Completed deviation calculations for frame 441 out of 4002!
Completed deviation calculations for frame 461 out of 4002!
Completed deviation calculations for frame 481 out of 4002!
Completed deviation calculations for frame 501 out of 4002!
Completed deviation calculations for frame 521 out of 4002!
Completed deviation calculations for frame 541 out of 4002!
Completed deviation calculations for frame 561 out of 4002!
Completed deviation calculations for frame 581 out of 4002!
Completed deviation calculations for frame 601 out of 4002!
Completed deviation calculations for frame 621 out of 4002!
Completed deviation calculations for frame 641 out of 4002!
Completed deviation calculations for frame 661 out of 4002!
Completed deviation calculations for frame 681 out of 4002!
Completed deviation calculations for frame 701 out of 4002!
Completed deviation calculations for frame 721 out of 4002!
Completed deviation calculations for frame 741 out of 4002!
Completed deviation calculations for frame 761 out of 4002!
Completed deviation calculations for frame 781 out of 4002!
Completed deviation calculations for frame 801 out of 4002!
Completed deviation calculations for frame 821 out of 4002!
Completed deviation calculations for frame 841 out of 4002!
Completed deviation calculations for frame 861 out of 4002!
Completed deviation calculations for frame 881 out of 4002!
Completed deviation calculations for frame 901 out of 4002!
Completed deviation calculations for frame 921 out of 4002!
Completed deviation calculations for frame 941 out of 4002!
Completed deviation calculations for frame 961 out of 4002!
Completed deviation calculations for frame 981 out of 4002!
Completed deviation calculations for frame 1001 out of 4002!
Completed deviation calculations for frame 1021 out of 4002!
Completed deviation calculations for frame 1041 out of 4002!
Completed deviation calculations for frame 1061 out of 4002!
Completed deviation calculations for frame 1081 out of 4002!
Completed deviation calculations for frame 1101 out of 4002!
Completed deviation calculations for frame 1121 out of 4002!
Completed deviation calculations for frame 1141 out of 4002!
Completed deviation calculations for frame 1161 out of 4002!
Completed deviation calculations for frame 1181 out of 4002!
Completed deviation calculations for frame 1201 out of 4002!
Completed deviation calculations for frame 1221 out of 4002!
Completed deviation calculations for frame 1241 out of 4002!
Completed deviation calculations for frame 1261 out of 4002!
Completed deviation calculations for frame 1281 out of 4002!
Completed deviation calculations for frame 1301 out of 4002!
Completed deviation calculations for frame 1321 out of 4002!
Completed deviation calculations for frame 1341 out of 4002!
Completed deviation calculations for frame 1361 out of 4002!
Completed deviation calculations for frame 1381 out of 4002!
Completed deviation calculations for frame 1401 out of 4002!
Completed deviation calculations for frame 1421 out of 4002!
Completed deviation calculations for frame 1441 out of 4002!
Completed deviation calculations for frame 1461 out of 4002!
Completed deviation calculations for frame 1481 out of 4002!
Completed deviation calculations for frame 1501 out of 4002!
Completed deviation calculations for frame 1521 out of 4002!
Completed deviation calculations for frame 1541 out of 4002!
Completed deviation calculations for frame 1561 out of 4002!
Completed deviation calculations for frame 1581 out of 4002!
Completed deviation calculations for frame 1601 out of 4002!
Completed deviation calculations for frame 1621 out of 4002!
Completed deviation calculations for frame 1641 out of 4002!
Completed deviation calculations for frame 1661 out of 4002!
Completed deviation calculations for frame 1681 out of 4002!
Completed deviation calculations for frame 1701 out of 4002!
Completed deviation calculations for frame 1721 out of 4002!
Completed deviation calculations for frame 1741 out of 4002!
Completed deviation calculations for frame 1761 out of 4002!
Completed deviation calculations for frame 1781 out of 4002!
Completed deviation calculations for frame 1801 out of 4002!
Completed deviation calculations for frame 1821 out of 4002!
Completed deviation calculations for frame 1841 out of 4002!
Completed deviation calculations for frame 1861 out of 4002!
Completed deviation calculations for frame 1881 out of 4002!
Completed deviation calculations for frame 1901 out of 4002!
Completed deviation calculations for frame 1921 out of 4002!
Completed deviation calculations for frame 1941 out of 4002!
Completed deviation calculations for frame 1961 out of 4002!
Completed deviation calculations for frame 1981 out of 4002!
Completed deviation calculations for frame 2001 out of 4002!
Completed deviation calculations for frame 2021 out of 4002!
Completed deviation calculations for frame 2041 out of 4002!
Completed deviation calculations for frame 2061 out of 4002!
Completed deviation calculations for frame 2081 out of 4002!
Completed deviation calculations for frame 2101 out of 4002!
Completed deviation calculations for frame 2121 out of 4002!
Completed deviation calculations for frame 2141 out of 4002!
Completed deviation calculations for frame 2161 out of 4002!
Completed deviation calculations for frame 2181 out of 4002!
Completed deviation calculations for frame 2201 out of 4002!
Completed deviation calculations for frame 2221 out of 4002!
Completed deviation calculations for frame 2241 out of 4002!
Completed deviation calculations for frame 2261 out of 4002!
Completed deviation calculations for frame 2281 out of 4002!
Completed deviation calculations for frame 2301 out of 4002!
Completed deviation calculations for frame 2321 out of 4002!
Completed deviation calculations for frame 2341 out of 4002!
Completed deviation calculations for frame 2361 out of 4002!
Completed deviation calculations for frame 2381 out of 4002!
Completed deviation calculations for frame 2401 out of 4002!
Completed deviation calculations for frame 2421 out of 4002!
Completed deviation calculations for frame 2441 out of 4002!
Completed deviation calculations for frame 2461 out of 4002!
Completed deviation calculations for frame 2481 out of 4002!
Completed deviation calculations for frame 2501 out of 4002!
Completed deviation calculations for frame 2521 out of 4002!
Completed deviation calculations for frame 2541 out of 4002!
Completed deviation calculations for frame 2561 out of 4002!
Completed deviation calculations for frame 2581 out of 4002!
Completed deviation calculations for frame 2601 out of 4002!
Completed deviation calculations for frame 2621 out of 4002!
Completed deviation calculations for frame 2641 out of 4002!
Completed deviation calculations for frame 2661 out of 4002!
Completed deviation calculations for frame 2681 out of 4002!
Completed deviation calculations for frame 2701 out of 4002!
Completed deviation calculations for frame 2721 out of 4002!
Completed deviation calculations for frame 2741 out of 4002!
Completed deviation calculations for frame 2761 out of 4002!
Completed deviation calculations for frame 2781 out of 4002!
Completed deviation calculations for frame 2801 out of 4002!
Completed deviation calculations for frame 2821 out of 4002!
Completed deviation calculations for frame 2841 out of 4002!
Completed deviation calculations for frame 2861 out of 4002!
Completed deviation calculations for frame 2881 out of 4002!
Completed deviation calculations for frame 2901 out of 4002!
Completed deviation calculations for frame 2921 out of 4002!
Completed deviation calculations for frame 2941 out of 4002!
Completed deviation calculations for frame 2961 out of 4002!
Completed deviation calculations for frame 2981 out of 4002!
Completed deviation calculations for frame 3001 out of 4002!
Completed deviation calculations for frame 3021 out of 4002!
Completed deviation calculations for frame 3041 out of 4002!
Completed deviation calculations for frame 3061 out of 4002!
Completed deviation calculations for frame 3081 out of 4002!
Completed deviation calculations for frame 3101 out of 4002!
Completed deviation calculations for frame 3121 out of 4002!
Completed deviation calculations for frame 3141 out of 4002!
Completed deviation calculations for frame 3161 out of 4002!
Completed deviation calculations for frame 3181 out of 4002!
Completed deviation calculations for frame 3201 out of 4002!
Completed deviation calculations for frame 3221 out of 4002!
Completed deviation calculations for frame 3241 out of 4002!
Completed deviation calculations for frame 3261 out of 4002!
Completed deviation calculations for frame 3281 out of 4002!
Completed deviation calculations for frame 3301 out of 4002!
Completed deviation calculations for frame 3321 out of 4002!
Completed deviation calculations for frame 3341 out of 4002!
Completed deviation calculations for frame 3361 out of 4002!
Completed deviation calculations for frame 3381 out of 4002!
Completed deviation calculations for frame 3401 out of 4002!
Completed deviation calculations for frame 3421 out of 4002!
Completed deviation calculations for frame 3441 out of 4002!
Completed deviation calculations for frame 3461 out of 4002!
Completed deviation calculations for frame 3481 out of 4002!
Completed deviation calculations for frame 3501 out of 4002!
Completed deviation calculations for frame 3521 out of 4002!
Completed deviation calculations for frame 3541 out of 4002!
Completed deviation calculations for frame 3561 out of 4002!
Completed deviation calculations for frame 3581 out of 4002!
Completed deviation calculations for frame 3601 out of 4002!
Completed deviation calculations for frame 3621 out of 4002!
Completed deviation calculations for frame 3641 out of 4002!
Completed deviation calculations for frame 3661 out of 4002!
Completed deviation calculations for frame 3681 out of 4002!
Completed deviation calculations for frame 3701 out of 4002!
Completed deviation calculations for frame 3721 out of 4002!
Completed deviation calculations for frame 3741 out of 4002!
Completed deviation calculations for frame 3761 out of 4002!
Completed deviation calculations for frame 3781 out of 4002!
Completed deviation calculations for frame 3801 out of 4002!
Completed deviation calculations for frame 3821 out of 4002!
Completed deviation calculations for frame 3841 out of 4002!
Completed deviation calculations for frame 3861 out of 4002!
Completed deviation calculations for frame 3881 out of 4002!
Completed deviation calculations for frame 3901 out of 4002!
Completed deviation calculations for frame 3921 out of 4002!
Completed deviation calculations for frame 3941 out of 4002!
Completed deviation calculations for frame 3961 out of 4002!
Completed deviation calculations for frame 3981 out of 4002!
Completed deviation calculations for frame 4001 out of 4002!
